2022.08.04 15:46:20 INFO  tracing is disabled for protocol LSP, to enable tracing of incoming and outgoing JSON messages create an empty file at c:\Users\daghe\Documents\Program\AdventAutomation\.metals\lsp.trace.json or C:\Users\daghe\AppData\Local\scalameta\metals\cache\lsp.trace.json
2022.08.04 15:46:21 INFO  logging to file C:\Users\daghe\Documents\Program\AdventAutomation\.metals\metals.log
2022.08.04 15:46:21 INFO  Started: Metals version 0.11.7 in workspace 'C:\Users\daghe\Documents\Program\AdventAutomation' for client Visual Studio Code 1.69.2.
2022.08.04 15:46:22 INFO  time: initialize in 0.91s
2022.08.04 15:46:22 WARN  Flyway upgrade recommended: H2 2.1.214 is newer than this version of Flyway and support has not been tested. The latest supported version of H2 is 2.1.210.
2022.08.04 15:46:22 WARN  Build server is not auto-connectable.
2022.08.04 15:46:22 WARN  no build tool detected in workspace 'C:\Users\daghe\Documents\Program\AdventAutomation'. The most common cause for this problem is that the editor was opened in the wrong working directory, for example if you use sbt then the workspace directory should contain build.sbt. 
aug. 04, 2022 3:47:13 EM org.eclipse.lsp4j.jsonrpc.RemoteEndpoint handleNotification
VARNING: Notification threw an exception: {
  "jsonrpc": "2.0",
  "method": "metals/didFocusTextDocument",
  "params": [
    "git:/c%3A/Users/daghe/Documents/Program/AdventAutomation/src/main/g8/project/src/main/scala/adventautomation/plugins/Fetch.scala?%7B%22path%22%3A%22c%3A%5C%5CUsers%5C%5Cdaghe%5C%5CDocuments%5C%5CProgram%5C%5CAdventAutomation%5C%5Csrc%5C%5Cmain%5C%5Cg8%5C%5Cproject%5C%5Csrc%5C%5Cmain%5C%5Cscala%5C%5Cadventautomation%5C%5Cplugins%5C%5CFetch.scala%22%2C%22ref%22%3A%22HEAD%22%7D"
  ]
}
java.lang.RuntimeException: java.lang.reflect.InvocationTargetException
	at org.eclipse.lsp4j.jsonrpc.services.GenericEndpoint.lambda$null$0(GenericEndpoint.java:67)
	at org.eclipse.lsp4j.jsonrpc.services.GenericEndpoint.notify(GenericEndpoint.java:152)
	at org.eclipse.lsp4j.jsonrpc.RemoteEndpoint.handleNotification(RemoteEndpoint.java:220)
	at org.eclipse.lsp4j.jsonrpc.RemoteEndpoint.consume(RemoteEndpoint.java:187)
	at org.eclipse.lsp4j.jsonrpc.json.StreamMessageProducer.handleMessage(StreamMessageProducer.java:194)
	at org.eclipse.lsp4j.jsonrpc.json.StreamMessageProducer.listen(StreamMessageProducer.java:94)
	at org.eclipse.lsp4j.jsonrpc.json.ConcurrentMessageProcessor.run(ConcurrentMessageProcessor.java:113)
	at java.base/java.util.concurrent.Executors$RunnableAdapter.call(Executors.java:539)
	at java.base/java.util.concurrent.FutureTask.run(FutureTask.java:264)
	at java.base/java.util.concurrent.ThreadPoolExecutor.runWorker(ThreadPoolExecutor.java:1136)
	at java.base/java.util.concurrent.ThreadPoolExecutor$Worker.run(ThreadPoolExecutor.java:635)
	at java.base/java.lang.Thread.run(Thread.java:833)
Caused by: java.lang.reflect.InvocationTargetException
	at java.base/jdk.internal.reflect.NativeMethodAccessorImpl.invoke0(Native Method)
	at java.base/jdk.internal.reflect.NativeMethodAccessorImpl.invoke(NativeMethodAccessorImpl.java:77)
	at java.base/jdk.internal.reflect.DelegatingMethodAccessorImpl.invoke(DelegatingMethodAccessorImpl.java:43)
	at java.base/java.lang.reflect.Method.invoke(Method.java:568)
	at org.eclipse.lsp4j.jsonrpc.services.GenericEndpoint.lambda$null$0(GenericEndpoint.java:65)
	... 11 more
Caused by: java.nio.file.FileSystemNotFoundException: Provider "git" not installed
	at java.base/java.nio.file.Path.of(Path.java:212)
	at java.base/java.nio.file.Paths.get(Paths.java:98)
	at scala.meta.internal.mtags.MtagsEnrichments$XtensionURIMtags.toAbsolutePath(MtagsEnrichments.scala:115)
	at scala.meta.internal.mtags.MtagsEnrichments$XtensionStringMtags.toAbsolutePath(MtagsEnrichments.scala:141)
	at scala.meta.internal.metals.MetalsEnrichments$XtensionString.toAbsolutePath(MetalsEnrichments.scala:622)
	at scala.meta.internal.metals.MetalsEnrichments$XtensionString.toAbsolutePath(MetalsEnrichments.scala:619)
	at scala.meta.internal.metals.MetalsLanguageServer.didFocus(MetalsLanguageServer.scala:1132)
	... 16 more

aug. 04, 2022 3:47:16 EM org.eclipse.lsp4j.jsonrpc.RemoteEndpoint handleNotification
VARNING: Notification threw an exception: {
  "jsonrpc": "2.0",
  "method": "metals/didFocusTextDocument",
  "params": [
    "git:/c%3A/Users/daghe/Documents/Program/AdventAutomation/src/main/g8/project/src/main/scala/adventautomation/plugins/Auth.scala?%7B%22path%22%3A%22c%3A%5C%5CUsers%5C%5Cdaghe%5C%5CDocuments%5C%5CProgram%5C%5CAdventAutomation%5C%5Csrc%5C%5Cmain%5C%5Cg8%5C%5Cproject%5C%5Csrc%5C%5Cmain%5C%5Cscala%5C%5Cadventautomation%5C%5Cplugins%5C%5CAuth.scala%22%2C%22ref%22%3A%22HEAD%22%7D"
  ]
}
java.lang.RuntimeException: java.lang.reflect.InvocationTargetException
	at org.eclipse.lsp4j.jsonrpc.services.GenericEndpoint.lambda$null$0(GenericEndpoint.java:67)
	at org.eclipse.lsp4j.jsonrpc.services.GenericEndpoint.notify(GenericEndpoint.java:152)
	at org.eclipse.lsp4j.jsonrpc.RemoteEndpoint.handleNotification(RemoteEndpoint.java:220)
	at org.eclipse.lsp4j.jsonrpc.RemoteEndpoint.consume(RemoteEndpoint.java:187)
	at org.eclipse.lsp4j.jsonrpc.json.StreamMessageProducer.handleMessage(StreamMessageProducer.java:194)
	at org.eclipse.lsp4j.jsonrpc.json.StreamMessageProducer.listen(StreamMessageProducer.java:94)
	at org.eclipse.lsp4j.jsonrpc.json.ConcurrentMessageProcessor.run(ConcurrentMessageProcessor.java:113)
	at java.base/java.util.concurrent.Executors$RunnableAdapter.call(Executors.java:539)
	at java.base/java.util.concurrent.FutureTask.run(FutureTask.java:264)
	at java.base/java.util.concurrent.ThreadPoolExecutor.runWorker(ThreadPoolExecutor.java:1136)
	at java.base/java.util.concurrent.ThreadPoolExecutor$Worker.run(ThreadPoolExecutor.java:635)
	at java.base/java.lang.Thread.run(Thread.java:833)
Caused by: java.lang.reflect.InvocationTargetException
	at java.base/jdk.internal.reflect.NativeMethodAccessorImpl.invoke0(Native Method)
	at java.base/jdk.internal.reflect.NativeMethodAccessorImpl.invoke(NativeMethodAccessorImpl.java:77)
	at java.base/jdk.internal.reflect.DelegatingMethodAccessorImpl.invoke(DelegatingMethodAccessorImpl.java:43)
	at java.base/java.lang.reflect.Method.invoke(Method.java:568)
	at org.eclipse.lsp4j.jsonrpc.services.GenericEndpoint.lambda$null$0(GenericEndpoint.java:65)
	... 11 more
Caused by: java.nio.file.FileSystemNotFoundException: Provider "git" not installed
	at java.base/java.nio.file.Path.of(Path.java:212)
	at java.base/java.nio.file.Paths.get(Paths.java:98)
	at scala.meta.internal.mtags.MtagsEnrichments$XtensionURIMtags.toAbsolutePath(MtagsEnrichments.scala:115)
	at scala.meta.internal.mtags.MtagsEnrichments$XtensionStringMtags.toAbsolutePath(MtagsEnrichments.scala:141)
	at scala.meta.internal.metals.MetalsEnrichments$XtensionString.toAbsolutePath(MetalsEnrichments.scala:622)
	at scala.meta.internal.metals.MetalsEnrichments$XtensionString.toAbsolutePath(MetalsEnrichments.scala:619)
	at scala.meta.internal.metals.MetalsLanguageServer.didFocus(MetalsLanguageServer.scala:1132)
	... 16 more

2022.08.04 20:38:06 INFO  shutting down Metals
2022.08.05 10:41:23 INFO  tracing is disabled for protocol LSP, to enable tracing of incoming and outgoing JSON messages create an empty file at c:\Users\daghe\Documents\Program\AdventAutomation\.metals\lsp.trace.json or C:\Users\daghe\AppData\Local\scalameta\metals\cache\lsp.trace.json
2022.08.05 10:41:25 INFO  logging to file C:\Users\daghe\Documents\Program\AdventAutomation\.metals\metals.log
2022.08.05 10:41:25 INFO  Started: Metals version 0.11.7 in workspace 'C:\Users\daghe\Documents\Program\AdventAutomation' for client Visual Studio Code 1.70.0.
2022.08.05 10:41:25 INFO  time: initialize in 0.86s
2022.08.05 10:41:26 WARN  Flyway upgrade recommended: H2 2.1.214 is newer than this version of Flyway and support has not been tested. The latest supported version of H2 is 2.1.210.
2022.08.05 10:41:26 WARN  Build server is not auto-connectable.
2022.08.05 10:41:26 WARN  no build tool detected in workspace 'C:\Users\daghe\Documents\Program\AdventAutomation'. The most common cause for this problem is that the editor was opened in the wrong working directory, for example if you use sbt then the workspace directory should contain build.sbt. 
aug. 05, 2022 10:41:43 FM org.eclipse.lsp4j.jsonrpc.services.GenericEndpoint notify
INFO: Unsupported notification method: $/setTrace
aug. 05, 2022 10:41:49 FM org.eclipse.lsp4j.jsonrpc.services.GenericEndpoint notify
INFO: Unsupported notification method: $/setTrace
aug. 05, 2022 10:41:51 FM org.eclipse.lsp4j.jsonrpc.services.GenericEndpoint notify
INFO: Unsupported notification method: $/setTrace
aug. 05, 2022 10:41:55 FM org.eclipse.lsp4j.jsonrpc.RemoteEndpoint handleNotification
VARNING: Notification threw an exception: {
  "jsonrpc": "2.0",
  "method": "metals/didFocusTextDocument",
  "params": [
    "git:/c%3A/Users/daghe/Documents/Program/AdventAutomation/src/main/g8/project/src/main/scala/adventautomation/plugins/Auth.scala?%7B%22path%22%3A%22c%3A%5C%5CUsers%5C%5Cdaghe%5C%5CDocuments%5C%5CProgram%5C%5CAdventAutomation%5C%5Csrc%5C%5Cmain%5C%5Cg8%5C%5Cproject%5C%5Csrc%5C%5Cmain%5C%5Cscala%5C%5Cadventautomation%5C%5Cplugins%5C%5CAuth.scala%22%2C%22ref%22%3A%22HEAD%22%7D"
  ]
}
java.lang.RuntimeException: java.lang.reflect.InvocationTargetException
	at org.eclipse.lsp4j.jsonrpc.services.GenericEndpoint.lambda$null$0(GenericEndpoint.java:67)
	at org.eclipse.lsp4j.jsonrpc.services.GenericEndpoint.notify(GenericEndpoint.java:152)
	at org.eclipse.lsp4j.jsonrpc.RemoteEndpoint.handleNotification(RemoteEndpoint.java:220)
	at org.eclipse.lsp4j.jsonrpc.RemoteEndpoint.consume(RemoteEndpoint.java:187)
	at org.eclipse.lsp4j.jsonrpc.json.StreamMessageProducer.handleMessage(StreamMessageProducer.java:194)
	at org.eclipse.lsp4j.jsonrpc.json.StreamMessageProducer.listen(StreamMessageProducer.java:94)
	at org.eclipse.lsp4j.jsonrpc.json.ConcurrentMessageProcessor.run(ConcurrentMessageProcessor.java:113)
	at java.base/java.util.concurrent.Executors$RunnableAdapter.call(Executors.java:539)
	at java.base/java.util.concurrent.FutureTask.run(FutureTask.java:264)
	at java.base/java.util.concurrent.ThreadPoolExecutor.runWorker(ThreadPoolExecutor.java:1136)
	at java.base/java.util.concurrent.ThreadPoolExecutor$Worker.run(ThreadPoolExecutor.java:635)
	at java.base/java.lang.Thread.run(Thread.java:833)
Caused by: java.lang.reflect.InvocationTargetException
	at java.base/jdk.internal.reflect.NativeMethodAccessorImpl.invoke0(Native Method)
	at java.base/jdk.internal.reflect.NativeMethodAccessorImpl.invoke(NativeMethodAccessorImpl.java:77)
	at java.base/jdk.internal.reflect.DelegatingMethodAccessorImpl.invoke(DelegatingMethodAccessorImpl.java:43)
	at java.base/java.lang.reflect.Method.invoke(Method.java:568)
	at org.eclipse.lsp4j.jsonrpc.services.GenericEndpoint.lambda$null$0(GenericEndpoint.java:65)
	... 11 more
Caused by: java.nio.file.FileSystemNotFoundException: Provider "git" not installed
	at java.base/java.nio.file.Path.of(Path.java:212)
	at java.base/java.nio.file.Paths.get(Paths.java:98)
	at scala.meta.internal.mtags.MtagsEnrichments$XtensionURIMtags.toAbsolutePath(MtagsEnrichments.scala:115)
	at scala.meta.internal.mtags.MtagsEnrichments$XtensionStringMtags.toAbsolutePath(MtagsEnrichments.scala:141)
	at scala.meta.internal.metals.MetalsEnrichments$XtensionString.toAbsolutePath(MetalsEnrichments.scala:622)
	at scala.meta.internal.metals.MetalsEnrichments$XtensionString.toAbsolutePath(MetalsEnrichments.scala:619)
	at scala.meta.internal.metals.MetalsLanguageServer.didFocus(MetalsLanguageServer.scala:1132)
	... 16 more

aug. 05, 2022 10:42:12 FM org.eclipse.lsp4j.jsonrpc.services.GenericEndpoint notify
INFO: Unsupported notification method: $/setTrace
aug. 05, 2022 10:42:32 FM org.eclipse.lsp4j.jsonrpc.services.GenericEndpoint notify
INFO: Unsupported notification method: $/setTrace
aug. 05, 2022 10:45:57 FM org.eclipse.lsp4j.jsonrpc.RemoteEndpoint handleNotification
VARNING: Notification threw an exception: {
  "jsonrpc": "2.0",
  "method": "metals/didFocusTextDocument",
  "params": [
    "git:/c%3A/Users/daghe/Documents/Program/AdventAutomation/src/main/g8/project/src/main/scala/adventautomation/plugins/Auth.scala?%7B%22path%22%3A%22c%3A%5C%5CUsers%5C%5Cdaghe%5C%5CDocuments%5C%5CProgram%5C%5CAdventAutomation%5C%5Csrc%5C%5Cmain%5C%5Cg8%5C%5Cproject%5C%5Csrc%5C%5Cmain%5C%5Cscala%5C%5Cadventautomation%5C%5Cplugins%5C%5CAuth.scala%22%2C%22ref%22%3A%22HEAD%22%7D"
  ]
}
java.lang.RuntimeException: java.lang.reflect.InvocationTargetException
	at org.eclipse.lsp4j.jsonrpc.services.GenericEndpoint.lambda$null$0(GenericEndpoint.java:67)
	at org.eclipse.lsp4j.jsonrpc.services.GenericEndpoint.notify(GenericEndpoint.java:152)
	at org.eclipse.lsp4j.jsonrpc.RemoteEndpoint.handleNotification(RemoteEndpoint.java:220)
	at org.eclipse.lsp4j.jsonrpc.RemoteEndpoint.consume(RemoteEndpoint.java:187)
	at org.eclipse.lsp4j.jsonrpc.json.StreamMessageProducer.handleMessage(StreamMessageProducer.java:194)
	at org.eclipse.lsp4j.jsonrpc.json.StreamMessageProducer.listen(StreamMessageProducer.java:94)
	at org.eclipse.lsp4j.jsonrpc.json.ConcurrentMessageProcessor.run(ConcurrentMessageProcessor.java:113)
	at java.base/java.util.concurrent.Executors$RunnableAdapter.call(Executors.java:539)
	at java.base/java.util.concurrent.FutureTask.run(FutureTask.java:264)
	at java.base/java.util.concurrent.ThreadPoolExecutor.runWorker(ThreadPoolExecutor.java:1136)
	at java.base/java.util.concurrent.ThreadPoolExecutor$Worker.run(ThreadPoolExecutor.java:635)
	at java.base/java.lang.Thread.run(Thread.java:833)
Caused by: java.lang.reflect.InvocationTargetException
	at java.base/jdk.internal.reflect.NativeMethodAccessorImpl.invoke0(Native Method)
	at java.base/jdk.internal.reflect.NativeMethodAccessorImpl.invoke(NativeMethodAccessorImpl.java:77)
	at java.base/jdk.internal.reflect.DelegatingMethodAccessorImpl.invoke(DelegatingMethodAccessorImpl.java:43)
	at java.base/java.lang.reflect.Method.invoke(Method.java:568)
	at org.eclipse.lsp4j.jsonrpc.services.GenericEndpoint.lambda$null$0(GenericEndpoint.java:65)
	... 11 more
Caused by: java.nio.file.FileSystemNotFoundException: Provider "git" not installed
	at java.base/java.nio.file.Path.of(Path.java:212)
	at java.base/java.nio.file.Paths.get(Paths.java:98)
	at scala.meta.internal.mtags.MtagsEnrichments$XtensionURIMtags.toAbsolutePath(MtagsEnrichments.scala:115)
	at scala.meta.internal.mtags.MtagsEnrichments$XtensionStringMtags.toAbsolutePath(MtagsEnrichments.scala:141)
	at scala.meta.internal.metals.MetalsEnrichments$XtensionString.toAbsolutePath(MetalsEnrichments.scala:622)
	at scala.meta.internal.metals.MetalsEnrichments$XtensionString.toAbsolutePath(MetalsEnrichments.scala:619)
	at scala.meta.internal.metals.MetalsLanguageServer.didFocus(MetalsLanguageServer.scala:1132)
	... 16 more

aug. 05, 2022 10:45:59 FM org.eclipse.lsp4j.jsonrpc.RemoteEndpoint handleNotification
VARNING: Notification threw an exception: {
  "jsonrpc": "2.0",
  "method": "metals/didFocusTextDocument",
  "params": [
    "git:/c%3A/Users/daghe/Documents/Program/AdventAutomation/src/main/g8/project/src/main/scala/adventautomation/plugins/Auth.scala?%7B%22path%22%3A%22c%3A%5C%5CUsers%5C%5Cdaghe%5C%5CDocuments%5C%5CProgram%5C%5CAdventAutomation%5C%5Csrc%5C%5Cmain%5C%5Cg8%5C%5Cproject%5C%5Csrc%5C%5Cmain%5C%5Cscala%5C%5Cadventautomation%5C%5Cplugins%5C%5CAuth.scala%22%2C%22ref%22%3A%22HEAD%22%7D"
  ]
}
java.lang.RuntimeException: java.lang.reflect.InvocationTargetException
	at org.eclipse.lsp4j.jsonrpc.services.GenericEndpoint.lambda$null$0(GenericEndpoint.java:67)
	at org.eclipse.lsp4j.jsonrpc.services.GenericEndpoint.notify(GenericEndpoint.java:152)
	at org.eclipse.lsp4j.jsonrpc.RemoteEndpoint.handleNotification(RemoteEndpoint.java:220)
	at org.eclipse.lsp4j.jsonrpc.RemoteEndpoint.consume(RemoteEndpoint.java:187)
	at org.eclipse.lsp4j.jsonrpc.json.StreamMessageProducer.handleMessage(StreamMessageProducer.java:194)
	at org.eclipse.lsp4j.jsonrpc.json.StreamMessageProducer.listen(StreamMessageProducer.java:94)
	at org.eclipse.lsp4j.jsonrpc.json.ConcurrentMessageProcessor.run(ConcurrentMessageProcessor.java:113)
	at java.base/java.util.concurrent.Executors$RunnableAdapter.call(Executors.java:539)
	at java.base/java.util.concurrent.FutureTask.run(FutureTask.java:264)
	at java.base/java.util.concurrent.ThreadPoolExecutor.runWorker(ThreadPoolExecutor.java:1136)
	at java.base/java.util.concurrent.ThreadPoolExecutor$Worker.run(ThreadPoolExecutor.java:635)
	at java.base/java.lang.Thread.run(Thread.java:833)
Caused by: java.lang.reflect.InvocationTargetException
	at java.base/jdk.internal.reflect.NativeMethodAccessorImpl.invoke0(Native Method)
	at java.base/jdk.internal.reflect.NativeMethodAccessorImpl.invoke(NativeMethodAccessorImpl.java:77)
	at java.base/jdk.internal.reflect.DelegatingMethodAccessorImpl.invoke(DelegatingMethodAccessorImpl.java:43)
	at java.base/java.lang.reflect.Method.invoke(Method.java:568)
	at org.eclipse.lsp4j.jsonrpc.services.GenericEndpoint.lambda$null$0(GenericEndpoint.java:65)
	... 11 more
Caused by: java.nio.file.FileSystemNotFoundException: Provider "git" not installed
	at java.base/java.nio.file.Path.of(Path.java:212)
	at java.base/java.nio.file.Paths.get(Paths.java:98)
	at scala.meta.internal.mtags.MtagsEnrichments$XtensionURIMtags.toAbsolutePath(MtagsEnrichments.scala:115)
	at scala.meta.internal.mtags.MtagsEnrichments$XtensionStringMtags.toAbsolutePath(MtagsEnrichments.scala:141)
	at scala.meta.internal.metals.MetalsEnrichments$XtensionString.toAbsolutePath(MetalsEnrichments.scala:622)
	at scala.meta.internal.metals.MetalsEnrichments$XtensionString.toAbsolutePath(MetalsEnrichments.scala:619)
	at scala.meta.internal.metals.MetalsLanguageServer.didFocus(MetalsLanguageServer.scala:1132)
	... 16 more

aug. 05, 2022 11:16:41 FM org.eclipse.lsp4j.jsonrpc.RemoteEndpoint handleNotification
VARNING: Notification threw an exception: {
  "jsonrpc": "2.0",
  "method": "metals/didFocusTextDocument",
  "params": [
    "git:/c%3A/Users/daghe/Documents/Program/AdventAutomation/src/main/g8/project/src/main/scala/adventautomation/plugins/Auth.scala?%7B%22path%22%3A%22c%3A%5C%5CUsers%5C%5Cdaghe%5C%5CDocuments%5C%5CProgram%5C%5CAdventAutomation%5C%5Csrc%5C%5Cmain%5C%5Cg8%5C%5Cproject%5C%5Csrc%5C%5Cmain%5C%5Cscala%5C%5Cadventautomation%5C%5Cplugins%5C%5CAuth.scala%22%2C%22ref%22%3A%22HEAD%22%7D"
  ]
}
java.lang.RuntimeException: java.lang.reflect.InvocationTargetException
	at org.eclipse.lsp4j.jsonrpc.services.GenericEndpoint.lambda$null$0(GenericEndpoint.java:67)
	at org.eclipse.lsp4j.jsonrpc.services.GenericEndpoint.notify(GenericEndpoint.java:152)
	at org.eclipse.lsp4j.jsonrpc.RemoteEndpoint.handleNotification(RemoteEndpoint.java:220)
	at org.eclipse.lsp4j.jsonrpc.RemoteEndpoint.consume(RemoteEndpoint.java:187)
	at org.eclipse.lsp4j.jsonrpc.json.StreamMessageProducer.handleMessage(StreamMessageProducer.java:194)
	at org.eclipse.lsp4j.jsonrpc.json.StreamMessageProducer.listen(StreamMessageProducer.java:94)
	at org.eclipse.lsp4j.jsonrpc.json.ConcurrentMessageProcessor.run(ConcurrentMessageProcessor.java:113)
	at java.base/java.util.concurrent.Executors$RunnableAdapter.call(Executors.java:539)
	at java.base/java.util.concurrent.FutureTask.run(FutureTask.java:264)
	at java.base/java.util.concurrent.ThreadPoolExecutor.runWorker(ThreadPoolExecutor.java:1136)
	at java.base/java.util.concurrent.ThreadPoolExecutor$Worker.run(ThreadPoolExecutor.java:635)
	at java.base/java.lang.Thread.run(Thread.java:833)
Caused by: java.lang.reflect.InvocationTargetException
	at java.base/jdk.internal.reflect.NativeMethodAccessorImpl.invoke0(Native Method)
	at java.base/jdk.internal.reflect.NativeMethodAccessorImpl.invoke(NativeMethodAccessorImpl.java:77)
	at java.base/jdk.internal.reflect.DelegatingMethodAccessorImpl.invoke(DelegatingMethodAccessorImpl.java:43)
	at java.base/java.lang.reflect.Method.invoke(Method.java:568)
	at org.eclipse.lsp4j.jsonrpc.services.GenericEndpoint.lambda$null$0(GenericEndpoint.java:65)
	... 11 more
Caused by: java.nio.file.FileSystemNotFoundException: Provider "git" not installed
	at java.base/java.nio.file.Path.of(Path.java:212)
	at java.base/java.nio.file.Paths.get(Paths.java:98)
	at scala.meta.internal.mtags.MtagsEnrichments$XtensionURIMtags.toAbsolutePath(MtagsEnrichments.scala:115)
	at scala.meta.internal.mtags.MtagsEnrichments$XtensionStringMtags.toAbsolutePath(MtagsEnrichments.scala:141)
	at scala.meta.internal.metals.MetalsEnrichments$XtensionString.toAbsolutePath(MetalsEnrichments.scala:622)
	at scala.meta.internal.metals.MetalsEnrichments$XtensionString.toAbsolutePath(MetalsEnrichments.scala:619)
	at scala.meta.internal.metals.MetalsLanguageServer.didFocus(MetalsLanguageServer.scala:1132)
	... 16 more

2022.08.05 11:17:18 INFO  shutting down Metals
2022.08.05 18:37:54 INFO  tracing is disabled for protocol LSP, to enable tracing of incoming and outgoing JSON messages create an empty file at c:\Users\daghe\Documents\Program\AdventAutomation\.metals\lsp.trace.json or C:\Users\daghe\AppData\Local\scalameta\metals\cache\lsp.trace.json
2022.08.05 18:37:55 INFO  logging to file C:\Users\daghe\Documents\Program\AdventAutomation\.metals\metals.log
2022.08.05 18:37:55 INFO  Started: Metals version 0.11.7 in workspace 'C:\Users\daghe\Documents\Program\AdventAutomation' for client Visual Studio Code 1.70.0.
2022.08.05 18:37:56 INFO  time: initialize in 0.98s
2022.08.05 18:37:56 WARN  Flyway upgrade recommended: H2 2.1.214 is newer than this version of Flyway and support has not been tested. The latest supported version of H2 is 2.1.210.
2022.08.05 18:37:56 WARN  Build server is not auto-connectable.
2022.08.05 18:37:56 WARN  no build tool detected in workspace 'C:\Users\daghe\Documents\Program\AdventAutomation'. The most common cause for this problem is that the editor was opened in the wrong working directory, for example if you use sbt then the workspace directory should contain build.sbt. 
2022.08.08 11:36:29 INFO  shutting down Metals
2022.08.08 13:20:40 INFO  tracing is disabled for protocol LSP, to enable tracing of incoming and outgoing JSON messages create an empty file at c:\Users\daghe\Documents\Program\AdventAutomation\.metals\lsp.trace.json or C:\Users\daghe\AppData\Local\scalameta\metals\cache\lsp.trace.json
2022.08.08 13:20:41 INFO  logging to file C:\Users\daghe\Documents\Program\AdventAutomation\.metals\metals.log
2022.08.08 13:20:41 INFO  Started: Metals version 0.11.7 in workspace 'C:\Users\daghe\Documents\Program\AdventAutomation' for client Visual Studio Code 1.70.0.
2022.08.08 13:20:42 INFO  time: initialize in 0.86s
2022.08.08 13:20:42 WARN  Flyway upgrade recommended: H2 2.1.214 is newer than this version of Flyway and support has not been tested. The latest supported version of H2 is 2.1.210.
2022.08.08 13:20:42 WARN  Build server is not auto-connectable.
2022.08.08 13:20:42 WARN  no build tool detected in workspace 'C:\Users\daghe\Documents\Program\AdventAutomation'. The most common cause for this problem is that the editor was opened in the wrong working directory, for example if you use sbt then the workspace directory should contain build.sbt. 
2022.08.08 14:12:42 INFO  shutting down Metals
2022.08.09 11:43:23 INFO  tracing is disabled for protocol LSP, to enable tracing of incoming and outgoing JSON messages create an empty file at c:\Users\daghe\Documents\Program\AdventAutomation\.metals\lsp.trace.json or C:\Users\daghe\AppData\Local\scalameta\metals\cache\lsp.trace.json
2022.08.09 11:43:26 INFO  logging to file C:\Users\daghe\Documents\Program\AdventAutomation\.metals\metals.log
2022.08.09 11:43:26 INFO  Started: Metals version 0.11.7 in workspace 'C:\Users\daghe\Documents\Program\AdventAutomation' for client Visual Studio Code 1.70.0.
2022.08.09 11:43:28 INFO  time: initialize in 2.71s
2022.08.09 11:43:28 WARN  Flyway upgrade recommended: H2 2.1.214 is newer than this version of Flyway and support has not been tested. The latest supported version of H2 is 2.1.210.
2022.08.09 11:43:28 WARN  Build server is not auto-connectable.
2022.08.09 11:43:28 WARN  no build tool detected in workspace 'C:\Users\daghe\Documents\Program\AdventAutomation'. The most common cause for this problem is that the editor was opened in the wrong working directory, for example if you use sbt then the workspace directory should contain build.sbt. 
2022.08.09 11:52:19 WARN  no build target for: C:\Users\daghe\Documents\Program\AdventAutomation\src\main\g8\build.sbt
2022.08.09 11:52:23 INFO  no build target found for C:\Users\daghe\Documents\Program\AdventAutomation\src\main\g8\build.sbt. Using presentation compiler with project's scala-library version: 3.1.3
2022.08.09 11:52:25 INFO  time: code lens generation in 5.55s
2022.08.09 11:52:25 INFO  time: code lens generation in 5.55s
2022.08.09 11:52:53 INFO  shutting down Metals
